app/build/intermediates/manifest_merge_blame_file/release/manifest-merger-blame-release-report.txt
1<?xml version="1.0" encoding="utf-8"?>
2<manifest xmlns:android="http://schemas.android.com/apk/res/android"
3    package="com.example.securechat"
4    android:versionCode="1"
5    android:versionName="1.0" >
6
7    <uses-sdk
8        android:minSdkVersion="23"
8-->src\main\AndroidManifest.xml
9        android:targetSdkVersion="29" />
9-->src\main\AndroidManifest.xml
10
11    <uses-permission android:name="android.permission.INTERNET" />
11-->src\main\AndroidManifest.xml:5:5-67
11-->src\main\AndroidManifest.xml:5:22-64
12    <uses-permission android:name="android.permission.WRITE_EXTERNAL_STORAGE" />
12-->src\main\AndroidManifest.xml:6:5-81
12-->src\main\AndroidManifest.xml:6:22-78
13    <uses-permission android:name="android.permission.READ_EXTERNAL_STORAGE" />
13-->src\main\AndroidManifest.xml:7:5-80
13-->src\main\AndroidManifest.xml:7:22-77
14
15    <!-- Although the *SdkVersion is captured in gradle build files, this is required for non gradle builds -->
16    <!-- <uses-sdk android:minSdkVersion="14"/> -->
17    <uses-permission android:name="android.permission.ACCESS_NETWORK_STATE" />
17-->[com.google.firebase:firebase-database:19.3.0] AndroidManifest.xml:25:5-79
17-->[com.google.firebase:firebase-database:19.3.0] AndroidManifest.xml:25:22-76
18    <uses-permission android:name="android.permission.WAKE_LOCK" /> <!-- Required by older versions of Google Play services to create IID tokens -->
18-->[com.google.firebase:firebase-iid:20.2.0] AndroidManifest.xml:24:5-68
18-->[com.google.firebase:firebase-iid:20.2.0] AndroidManifest.xml:24:22-65
19    <uses-permission android:name="com.google.android.c2dm.permission.RECEIVE" />
19-->[com.google.firebase:firebase-iid:20.2.0] AndroidManifest.xml:26:5-82
19-->[com.google.firebase:firebase-iid:20.2.0] AndroidManifest.xml:26:22-79
20
21    <application
21-->src\main\AndroidManifest.xml:9:5-81:19
22        android:name="com.example.securechat.SecureChat"
22-->src\main\AndroidManifest.xml:11:9-35
23        android:allowBackup="false"
23-->src\main\AndroidManifest.xml:12:9-36
24        android:appComponentFactory="androidx.core.app.CoreComponentFactory"
24-->[androidx.core:core:1.1.0] AndroidManifest.xml:24:18-86
25        android:extractNativeLibs="false"
26        android:icon="@mipmap/ic_launcher_new"
26-->src\main\AndroidManifest.xml:14:9-47
27        android:installLocation="internalOnly"
27-->src\main\AndroidManifest.xml:10:9-47
28        android:label="@string/app_name"
28-->src\main\AndroidManifest.xml:15:9-41
29        android:roundIcon="@mipmap/ic_launcher_round"
29-->src\main\AndroidManifest.xml:16:9-54
30        android:supportsRtl="true"
30-->src\main\AndroidManifest.xml:17:9-35
31        android:testOnly="true"
32        android:theme="@style/AppTheme" >
32-->src\main\AndroidManifest.xml:18:9-40
33        <activity
33-->src\main\AndroidManifest.xml:19:9-22:51
34            android:name="com.example.securechat.ActivityUi.RequestProfile"
34-->src\main\AndroidManifest.xml:20:13-54
35            android:parentActivityName="com.example.securechat.ActivityUi.HomeActivity"
35-->src\main\AndroidManifest.xml:21:13-66
36            android:screenOrientation="portrait" />
36-->src\main\AndroidManifest.xml:22:13-49
37        <activity
37-->src\main\AndroidManifest.xml:23:9-32:20
38            android:name="com.example.securechat.ActivityUi.SplashActi"
38-->src\main\AndroidManifest.xml:24:13-50
39            android:screenOrientation="portrait"
39-->src\main\AndroidManifest.xml:25:13-49
40            android:theme="@style/Splash" >
40-->src\main\AndroidManifest.xml:26:13-42
41            <intent-filter>
41-->src\main\AndroidManifest.xml:27:13-31:29
42                <action android:name="android.intent.action.MAIN" />
42-->src\main\AndroidManifest.xml:28:17-69
42-->src\main\AndroidManifest.xml:28:25-66
43
44                <category android:name="android.intent.category.LAUNCHER" />
44-->src\main\AndroidManifest.xml:30:17-77
44-->src\main\AndroidManifest.xml:30:27-74
45            </intent-filter>
46        </activity>
47        <activity
47-->src\main\AndroidManifest.xml:33:9-36:79
48            android:name="com.example.securechat.ActivityUi.HomeActivity"
48-->src\main\AndroidManifest.xml:34:13-52
49            android:parentActivityName="com.example.securechat.ActivityUi.LoginActivity"
49-->src\main\AndroidManifest.xml:36:13-67
50            android:screenOrientation="portrait" />
50-->src\main\AndroidManifest.xml:35:13-49
51        <activity
51-->src\main\AndroidManifest.xml:37:9-40:51
52            android:name="com.example.securechat.ActivityUi.ProfileActivity"
52-->src\main\AndroidManifest.xml:38:13-55
53            android:parentActivityName="com.example.securechat.ActivityUi.HomeActivity"
53-->src\main\AndroidManifest.xml:39:13-66
54            android:screenOrientation="portrait" />
54-->src\main\AndroidManifest.xml:40:13-49
55        <activity
55-->src\main\AndroidManifest.xml:41:9-44:51
56            android:name="com.example.securechat.ActivityUi.ResetPassword"
56-->src\main\AndroidManifest.xml:42:13-53
57            android:parentActivityName="com.example.securechat.ActivityUi.LoginActivity"
57-->src\main\AndroidManifest.xml:43:13-67
58            android:screenOrientation="portrait" />
58-->src\main\AndroidManifest.xml:44:13-49
59        <activity
59-->src\main\AndroidManifest.xml:45:9-48:51
60            android:name="com.example.securechat.ActivityUi.MessageActivity"
60-->src\main\AndroidManifest.xml:46:13-55
61            android:parentActivityName="com.example.securechat.ActivityUi.HomeActivity"
61-->src\main\AndroidManifest.xml:47:13-66
62            android:screenOrientation="portrait" />
62-->src\main\AndroidManifest.xml:48:13-49
63        <activity
63-->src\main\AndroidManifest.xml:49:9-52:51
64            android:name="com.example.securechat.ActivityUi.StartActivity"
64-->src\main\AndroidManifest.xml:50:13-53
65            android:parentActivityName="com.example.securechat.ActivityUi.SplashActi"
65-->src\main\AndroidManifest.xml:51:13-64
66            android:screenOrientation="portrait" />
66-->src\main\AndroidManifest.xml:52:13-49
67        <activity
67-->src\main\AndroidManifest.xml:53:9-56:51
68            android:name="com.example.securechat.ActivityUi.LoginActivity"
68-->src\main\AndroidManifest.xml:54:13-53
69            android:parentActivityName="com.example.securechat.ActivityUi.StartActivity"
69-->src\main\AndroidManifest.xml:55:13-67
70            android:screenOrientation="portrait" />
70-->src\main\AndroidManifest.xml:56:13-49
71        <activity
71-->src\main\AndroidManifest.xml:57:9-59:70
72            android:name="com.example.securechat.ActivityUi.RegisterActivity"
72-->src\main\AndroidManifest.xml:58:13-56
73            android:parentActivityName="com.example.securechat.ActivityUi.StartActivity" />
73-->src\main\AndroidManifest.xml:59:13-67
74        <activity
74-->src\main\AndroidManifest.xml:60:9-61:51
75            android:name="com.example.securechat.ActivityUi.MainActivity"
75-->src\main\AndroidManifest.xml:60:19-58
76            android:screenOrientation="portrait" />
76-->src\main\AndroidManifest.xml:61:13-49
77
78        <meta-data
78-->src\main\AndroidManifest.xml:63:9-65:57
79            android:name="preloaded_fonts"
79-->src\main\AndroidManifest.xml:64:13-43
80            android:resource="@array/preloaded_fonts" />
80-->src\main\AndroidManifest.xml:65:13-54
81
82        <service
82-->src\main\AndroidManifest.xml:67:9-75:19
83            android:name="com.example.securechat.Notification.MyFirebaseIdService"
83-->src\main\AndroidManifest.xml:68:13-61
84            android:enabled="true"
84-->src\main\AndroidManifest.xml:69:13-35
85            android:exported="true"
85-->src\main\AndroidManifest.xml:70:13-36
86            android:stopWithTask="false" >
86-->src\main\AndroidManifest.xml:71:13-41
87            <intent-filter>
87-->src\main\AndroidManifest.xml:72:13-74:29
88                <action android:name="com.google.firebase.MESSAGING_EVENT" />
88-->src\main\AndroidManifest.xml:73:17-78
88-->src\main\AndroidManifest.xml:73:25-75
89            </intent-filter>
90        </service>
91
92        <activity
92-->src\main\AndroidManifest.xml:77:9-80:15
93            android:name="com.theartofdev.edmodo.cropper.CropImageActivity"
93-->src\main\AndroidManifest.xml:78:13-76
94            android:theme="@style/Base.Theme.AppCompat" />
94-->src\main\AndroidManifest.xml:79:13-56
95
96        <service
96-->[com.google.firebase:firebase-database:19.3.0] AndroidManifest.xml:29:9-35:19
97            android:name="com.google.firebase.components.ComponentDiscoveryService"
97-->[com.google.firebase:firebase-database:19.3.0] AndroidManifest.xml:30:13-84
98            android:directBootAware="true"
98-->[com.google.firebase:firebase-common:19.3.0] AndroidManifest.xml:34:13-43
99            android:exported="false" >
99-->[com.google.firebase:firebase-database:19.3.0] AndroidManifest.xml:31:13-37
100            <meta-data
100-->[com.google.firebase:firebase-database:19.3.0] AndroidManifest.xml:32:13-34:85
101                android:name="com.google.firebase.components:com.google.firebase.database.DatabaseRegistrar"
101-->[com.google.firebase:firebase-database:19.3.0] AndroidManifest.xml:33:17-109
102                android:value="com.google.firebase.components.ComponentRegistrar" />
102-->[com.google.firebase:firebase-database:19.3.0] AndroidManifest.xml:34:17-82
103            <meta-data
103-->[com.google.firebase:firebase-auth:19.3.1] AndroidManifest.xml:36:13-38:85
104                android:name="com.google.firebase.components:com.google.firebase.auth.FirebaseAuthRegistrar"
104-->[com.google.firebase:firebase-auth:19.3.1] AndroidManifest.xml:37:17-109
105                android:value="com.google.firebase.components.ComponentRegistrar" />
105-->[com.google.firebase:firebase-auth:19.3.1] AndroidManifest.xml:38:17-82
106            <meta-data
106-->[com.google.firebase:firebase-storage:19.1.1] AndroidManifest.xml:33:13-35:85
107                android:name="com.google.firebase.components:com.google.firebase.storage.StorageRegistrar"
107-->[com.google.firebase:firebase-storage:19.1.1] AndroidManifest.xml:34:17-107
108                android:value="com.google.firebase.components.ComponentRegistrar" />
108-->[com.google.firebase:firebase-storage:19.1.1] AndroidManifest.xml:35:17-82
109            <meta-data
109-->[com.google.firebase:firebase-messaging:20.2.0] AndroidManifest.xml:39:13-41:85
110                android:name="com.google.firebase.components:com.google.firebase.messaging.FirebaseMessagingRegistrar"
110-->[com.google.firebase:firebase-messaging:20.2.0] AndroidManifest.xml:40:17-119
111                android:value="com.google.firebase.components.ComponentRegistrar" />
111-->[com.google.firebase:firebase-messaging:20.2.0] AndroidManifest.xml:41:17-82
112            <meta-data
112-->[com.google.firebase:firebase-firestore:21.4.3] AndroidManifest.xml:20:13-22:85
113                android:name="com.google.firebase.components:com.google.firebase.firestore.FirestoreRegistrar"
113-->[com.google.firebase:firebase-firestore:21.4.3] AndroidManifest.xml:21:17-111
114                android:value="com.google.firebase.components.ComponentRegistrar" />
114-->[com.google.firebase:firebase-firestore:21.4.3] AndroidManifest.xml:22:17-82
115            <meta-data
115-->[com.google.firebase:firebase-datatransport:17.0.3] AndroidManifest.xml:28:13-30:85
116                android:name="com.google.firebase.components:com.google.firebase.datatransport.TransportRegistrar"
116-->[com.google.firebase:firebase-datatransport:17.0.3] AndroidManifest.xml:29:17-115
117                android:value="com.google.firebase.components.ComponentRegistrar" />
117-->[com.google.firebase:firebase-datatransport:17.0.3] AndroidManifest.xml:30:17-82
118            <meta-data
118-->[com.google.firebase:firebase-iid:20.2.0] AndroidManifest.xml:32:13-34:85
119                android:name="com.google.firebase.components:com.google.firebase.iid.Registrar"
119-->[com.google.firebase:firebase-iid:20.2.0] AndroidManifest.xml:33:17-96
120                android:value="com.google.firebase.components.ComponentRegistrar" />
120-->[com.google.firebase:firebase-iid:20.2.0] AndroidManifest.xml:34:17-82
121            <meta-data
121-->[com.google.firebase:firebase-installations:16.3.1] AndroidManifest.xml:17:13-19:85
122                android:name="com.google.firebase.components:com.google.firebase.installations.FirebaseInstallationsRegistrar"
122-->[com.google.firebase:firebase-installations:16.3.1] AndroidManifest.xml:18:17-127
123                android:value="com.google.firebase.components.ComponentRegistrar" />
123-->[com.google.firebase:firebase-installations:16.3.1] AndroidManifest.xml:19:17-82
124        </service>
125
126        <activity
126-->[com.google.firebase:firebase-auth:19.3.1] AndroidManifest.xml:24:9-31:50
127            android:name="com.google.firebase.auth.internal.FederatedSignInActivity"
127-->[com.google.firebase:firebase-auth:19.3.1] AndroidManifest.xml:25:13-85
128            android:excludeFromRecents="true"
128-->[com.google.firebase:firebase-auth:19.3.1] AndroidManifest.xml:26:13-46
129            android:exported="true"
129-->[com.google.firebase:firebase-auth:19.3.1] AndroidManifest.xml:27:13-36
130            android:launchMode="singleTask"
130-->[com.google.firebase:firebase-auth:19.3.1] AndroidManifest.xml:28:13-44
131            android:permission="com.google.firebase.auth.api.gms.permission.LAUNCH_FEDERATED_SIGN_IN"
131-->[com.google.firebase:firebase-auth:19.3.1] AndroidManifest.xml:29:13-102
132            android:theme="@android:style/Theme.Translucent.NoTitleBar" />
132-->[com.google.firebase:firebase-auth:19.3.1] AndroidManifest.xml:30:13-72
133        <!--
134             FirebaseMessagingService performs security checks at runtime,
135             but set to not exported to explicitly avoid allowing another app to call it.
136        -->
137        <service
137-->[com.google.firebase:firebase-messaging:20.2.0] AndroidManifest.xml:28:9-35:19
138            android:name="com.google.firebase.messaging.FirebaseMessagingService"
138-->[com.google.firebase:firebase-messaging:20.2.0] AndroidManifest.xml:29:13-82
139            android:directBootAware="true"
139-->[com.google.firebase:firebase-messaging:20.2.0] AndroidManifest.xml:30:13-43
140            android:exported="false" >
140-->[com.google.firebase:firebase-messaging:20.2.0] AndroidManifest.xml:31:13-37
141            <intent-filter android:priority="-500" >
141-->src\main\AndroidManifest.xml:72:13-74:29
142                <action android:name="com.google.firebase.MESSAGING_EVENT" />
142-->src\main\AndroidManifest.xml:73:17-78
142-->src\main\AndroidManifest.xml:73:25-75
143            </intent-filter>
144        </service>
145
146        <provider
146-->[com.squareup.picasso:picasso:2.71828] AndroidManifest.xml:8:9-11:40
147            android:name="com.squareup.picasso.PicassoProvider"
147-->[com.squareup.picasso:picasso:2.71828] AndroidManifest.xml:9:13-64
148            android:authorities="com.example.securechat.com.squareup.picasso"
148-->[com.squareup.picasso:picasso:2.71828] AndroidManifest.xml:10:13-72
149            android:exported="false" />
149-->[com.squareup.picasso:picasso:2.71828] AndroidManifest.xml:11:13-37
150
151        <receiver
151-->[com.google.firebase:firebase-iid:20.2.0] AndroidManifest.xml:37:9-44:20
152            android:name="com.google.firebase.iid.FirebaseInstanceIdReceiver"
152-->[com.google.firebase:firebase-iid:20.2.0] AndroidManifest.xml:38:13-78
153            android:exported="true"
153-->[com.google.firebase:firebase-iid:20.2.0] AndroidManifest.xml:39:13-36
154            android:permission="com.google.android.c2dm.permission.SEND" >
154-->[com.google.firebase:firebase-iid:20.2.0] AndroidManifest.xml:40:13-73
155            <intent-filter>
155-->[com.google.firebase:firebase-iid:20.2.0] AndroidManifest.xml:41:13-43:29
156                <action android:name="com.google.android.c2dm.intent.RECEIVE" />
156-->[com.google.firebase:firebase-iid:20.2.0] AndroidManifest.xml:42:17-81
156-->[com.google.firebase:firebase-iid:20.2.0] AndroidManifest.xml:42:25-78
157            </intent-filter>
158        </receiver>
159
160        <provider
160-->[com.google.firebase:firebase-common:19.3.0] AndroidManifest.xml:26:9-30:39
161            android:name="com.google.firebase.provider.FirebaseInitProvider"
161-->[com.google.firebase:firebase-common:19.3.0] AndroidManifest.xml:27:13-77
162            android:authorities="com.example.securechat.firebaseinitprovider"
162-->[com.google.firebase:firebase-common:19.3.0] AndroidManifest.xml:28:13-72
163            android:exported="false"
163-->[com.google.firebase:firebase-common:19.3.0] AndroidManifest.xml:29:13-37
164            android:initOrder="100" />
164-->[com.google.firebase:firebase-common:19.3.0] AndroidManifest.xml:30:13-36
165
166        <activity
166-->[com.google.android.gms:play-services-base:17.1.0] AndroidManifest.xml:23:9-26:75
167            android:name="com.google.android.gms.common.api.GoogleApiActivity"
167-->[com.google.android.gms:play-services-base:17.1.0] AndroidManifest.xml:24:13-79
168            android:exported="false"
168-->[com.google.android.gms:play-services-base:17.1.0] AndroidManifest.xml:25:13-37
169            android:theme="@android:style/Theme.Translucent.NoTitleBar" />
169-->[com.google.android.gms:play-services-base:17.1.0] AndroidManifest.xml:26:13-72
170
171        <meta-data
171-->[com.google.android.gms:play-services-basement:17.0.0] AndroidManifest.xml:23:9-25:69
172            android:name="com.google.android.gms.version"
172-->[com.google.android.gms:play-services-basement:17.0.0] AndroidManifest.xml:24:13-58
173            android:value="@integer/google_play_services_version" />
173-->[com.google.android.gms:play-services-basement:17.0.0] AndroidManifest.xml:25:13-66
174
175        <service
175-->[com.google.android.datatransport:transport-backend-cct:2.2.0] AndroidManifest.xml:29:9-35:19
176            android:name="com.google.android.datatransport.runtime.backends.TransportBackendDiscovery"
176-->[com.google.android.datatransport:transport-backend-cct:2.2.0] AndroidManifest.xml:30:13-103
177            android:exported="false" >
177-->[com.google.android.datatransport:transport-backend-cct:2.2.0] AndroidManifest.xml:31:13-37
178            <meta-data
178-->[com.google.android.datatransport:transport-backend-cct:2.2.0] AndroidManifest.xml:32:13-34:39
179                android:name="backend:com.google.android.datatransport.cct.CctBackendFactory"
179-->[com.google.android.datatransport:transport-backend-cct:2.2.0] AndroidManifest.xml:33:17-94
180                android:value="cct" />
180-->[com.google.android.datatransport:transport-backend-cct:2.2.0] AndroidManifest.xml:34:17-36
181        </service>
182        <service
182-->[com.google.android.datatransport:transport-runtime:2.2.0] AndroidManifest.xml:26:9-30:19
183            android:name="com.google.android.datatransport.runtime.scheduling.jobscheduling.JobInfoSchedulerService"
183-->[com.google.android.datatransport:transport-runtime:2.2.0] AndroidManifest.xml:27:13-117
184            android:exported="false"
184-->[com.google.android.datatransport:transport-runtime:2.2.0] AndroidManifest.xml:28:13-37
185            android:permission="android.permission.BIND_JOB_SERVICE" >
185-->[com.google.android.datatransport:transport-runtime:2.2.0] AndroidManifest.xml:29:13-69
186        </service>
187
188        <receiver
188-->[com.google.android.datatransport:transport-runtime:2.2.0] AndroidManifest.xml:32:9-34:40
189            android:name="com.google.android.datatransport.runtime.scheduling.jobscheduling.AlarmManagerSchedulerBroadcastReceiver"
189-->[com.google.android.datatransport:transport-runtime:2.2.0] AndroidManifest.xml:33:13-132
190            android:exported="false" />
190-->[com.google.android.datatransport:transport-runtime:2.2.0] AndroidManifest.xml:34:13-37
191    </application>
192
193</manifest>